<?xml version="1.0" encoding="UTF-8"?>
<robot generator="Robot 5.0 (Python 3.9.10 on win32)" generated="20220407 12:02:42.028" rpa="false" schemaversion="3">
<suite id="s1" name="App" source="C:\Users\Muheesh\PycharmProjects\Robot\Tests\Flipkart\FunctionalTestSuite\App.robot">
<test id="s1-t1" name="Google Search Test" line="8">
<kw name="Open Browser" library="SeleniumLibrary">
<arg>${google_search}</arg>
<arg>chrome</arg>
<doc>Opens a new browser instance to the optional ``url``.</doc>
<msg timestamp="20220407 12:02:42.206" level="INFO">Opening browser 'chrome' to base url 'https://www.google.com/'.</msg>
<status status="PASS" starttime="20220407 12:02:42.206" endtime="20220407 12:02:44.089"/>
</kw>
<kw name="Maximize Browser Window" library="SeleniumLibrary">
<doc>Maximizes current browser window.</doc>
<status status="PASS" starttime="20220407 12:02:44.089" endtime="20220407 12:02:44.203"/>
</kw>
<kw name="Search Data">
<kw name="Input Text" library="SeleniumLibrary">
<arg>name:q</arg>
<arg>${search_query}</arg>
<doc>Types the given ``text`` into the text field identified by ``locator``.</doc>
<msg timestamp="20220407 12:02:44.205" level="INFO">Typing text 'flipkart' into text field 'name:q'.</msg>
<status status="PASS" starttime="20220407 12:02:44.204" endtime="20220407 12:02:44.292"/>
</kw>
<status status="PASS" starttime="20220407 12:02:44.204" endtime="20220407 12:02:44.292"/>
</kw>
<kw name="Submit Form" library="SeleniumLibrary">
<doc>Submits a form identified by ``locator``.</doc>
<msg timestamp="20220407 12:02:44.292" level="INFO">Submitting form 'None'.</msg>
<status status="PASS" starttime="20220407 12:02:44.292" endtime="20220407 12:02:46.628"/>
</kw>
<kw name="Click Element" library="SeleniumLibrary">
<arg>class:LC20lb</arg>
<doc>Click the element identified by ``locator``.</doc>
<msg timestamp="20220407 12:02:46.629" level="INFO">Clicking element 'class:LC20lb'.</msg>
<status status="PASS" starttime="20220407 12:02:46.629" endtime="20220407 12:02:49.431"/>
</kw>
<doc>This test is to open Google</doc>
<tag>google</tag>
<status status="PASS" starttime="20220407 12:02:42.205" endtime="20220407 12:02:49.432"/>
</test>
<test id="s1-t2" name="Flipkart Search Test" line="17">
<kw name="Sleep" library="BuiltIn">
<arg>3s</arg>
<doc>Pauses the test executed for the given time.</doc>
<msg timestamp="20220407 12:02:52.443" level="INFO">Slept 3 seconds</msg>
<status status="PASS" starttime="20220407 12:02:49.433" endtime="20220407 12:02:52.443"/>
</kw>
<kw name="Click Button" library="SeleniumLibrary">
<arg>class:_2KpZ6l</arg>
<doc>Clicks the button identified by ``locator``.</doc>
<msg timestamp="20220407 12:02:52.444" level="INFO">Clicking button 'class:_2KpZ6l'.</msg>
<status status="PASS" starttime="20220407 12:02:52.444" endtime="20220407 12:02:52.567"/>
</kw>
<kw name="Search Flip Data">
<kw name="Input Text" library="SeleniumLibrary">
<arg>name:q</arg>
<arg>${product_search}</arg>
<doc>Types the given ``text`` into the text field identified by ``locator``.</doc>
<msg timestamp="20220407 12:02:52.568" level="INFO">Typing text 'Iphone' into text field 'name:q'.</msg>
<status status="PASS" starttime="20220407 12:02:52.567" endtime="20220407 12:02:52.739"/>
</kw>
<status status="PASS" starttime="20220407 12:02:52.567" endtime="20220407 12:02:52.739"/>
</kw>
<kw name="Sleep" library="BuiltIn">
<arg>3s</arg>
<doc>Pauses the test executed for the given time.</doc>
<msg timestamp="20220407 12:02:55.752" level="INFO">Slept 3 seconds</msg>
<status status="PASS" starttime="20220407 12:02:52.740" endtime="20220407 12:02:55.752"/>
</kw>
<kw name="Click Button" library="SeleniumLibrary">
<arg>class:L0Z3Pu</arg>
<doc>Clicks the button identified by ``locator``.</doc>
<msg timestamp="20220407 12:02:55.753" level="INFO">Clicking button 'class:L0Z3Pu'.</msg>
<status status="PASS" starttime="20220407 12:02:55.752" endtime="20220407 12:02:55.811"/>
</kw>
<doc>This test is to check Flipkart app</doc>
<tag>Shopping App</tag>
<status status="PASS" starttime="20220407 12:02:49.433" endtime="20220407 12:02:55.811"/>
</test>
<status status="PASS" starttime="20220407 12:02:42.029" endtime="20220407 12:02:55.813"/>
</suite>
<statistics>
<total>
<stat pass="2" fail="0" skip="0">All Tests</stat>
</total>
<tag>
<stat pass="1" fail="0" skip="0">google</stat>
<stat pass="1" fail="0" skip="0">Shopping App</stat>
</tag>
<suite>
<stat pass="2" fail="0" skip="0" id="s1" name="App">App</stat>
</suite>
</statistics>
<errors>
</errors>
</robot>
