<?xml version="1.0" encoding="UTF-8"?>
<robot generator="Robot 5.0 (Python 3.9.10 on win32)" generated="20220407 12:30:45.935" rpa="false" schemaversion="3">
<suite id="s1" name="App" source="C:\Users\Muheesh\PycharmProjects\Robot\Tests\Flipkart\FunctionalTestSuite\App.robot">
<kw name="Log" library="BuiltIn" type="SETUP">
<arg>Inside Test Suite Setup</arg>
<doc>Logs the given message with the given level.</doc>
<msg timestamp="20220407 12:30:46.117" level="INFO">Inside Test Suite Setup</msg>
<status status="PASS" starttime="20220407 12:30:46.117" endtime="20220407 12:30:46.117"/>
</kw>
<test id="s1-t1" name="Google Search Test" line="15">
<kw name="Log" library="BuiltIn" type="SETUP">
<arg>Inside Test Case Setup</arg>
<doc>Logs the given message with the given level.</doc>
<msg timestamp="20220407 12:30:46.119" level="INFO">Inside Test Case Setup</msg>
<status status="PASS" starttime="20220407 12:30:46.118" endtime="20220407 12:30:46.119"/>
</kw>
<kw name="Open Browser" library="SeleniumLibrary">
<arg>${google_search}</arg>
<arg>chrome</arg>
<doc>Opens a new browser instance to the optional ``url``.</doc>
<msg timestamp="20220407 12:30:46.119" level="INFO">Opening browser 'chrome' to base url 'https://www.google.com/'.</msg>
<status status="PASS" starttime="20220407 12:30:46.119" endtime="20220407 12:30:48.164"/>
</kw>
<kw name="Maximize Browser Window" library="SeleniumLibrary">
<doc>Maximizes current browser window.</doc>
<status status="PASS" starttime="20220407 12:30:48.164" endtime="20220407 12:30:48.280"/>
</kw>
<kw name="Search Data">
<kw name="Input Text" library="SeleniumLibrary">
<arg>name:q</arg>
<arg>${search_query}</arg>
<doc>Types the given ``text`` into the text field identified by ``locator``.</doc>
<msg timestamp="20220407 12:30:48.281" level="INFO">Typing text 'flipkart' into text field 'name:q'.</msg>
<status status="PASS" starttime="20220407 12:30:48.281" endtime="20220407 12:30:48.358"/>
</kw>
<status status="PASS" starttime="20220407 12:30:48.281" endtime="20220407 12:30:48.358"/>
</kw>
<kw name="Submit Form" library="SeleniumLibrary">
<doc>Submits a form identified by ``locator``.</doc>
<msg timestamp="20220407 12:30:48.359" level="INFO">Submitting form 'None'.</msg>
<status status="PASS" starttime="20220407 12:30:48.359" endtime="20220407 12:30:50.279"/>
</kw>
<kw name="Click Element" library="SeleniumLibrary">
<arg>class:LC20lb</arg>
<doc>Click the element identified by ``locator``.</doc>
<msg timestamp="20220407 12:30:50.279" level="INFO">Clicking element 'class:LC20lb'.</msg>
<status status="PASS" starttime="20220407 12:30:50.279" endtime="20220407 12:30:51.503"/>
</kw>
<kw name="Log" library="BuiltIn" type="TEARDOWN">
<arg>Inside Test Case Teardown</arg>
<doc>Logs the given message with the given level.</doc>
<msg timestamp="20220407 12:30:51.504" level="INFO">Inside Test Case Teardown</msg>
<status status="PASS" starttime="20220407 12:30:51.503" endtime="20220407 12:30:51.504"/>
</kw>
<doc>This test is to open Google</doc>
<tag>google</tag>
<status status="PASS" starttime="20220407 12:30:46.118" endtime="20220407 12:30:51.504"/>
</test>
<test id="s1-t2" name="Flipkart Search Test" line="24">
<kw name="Log" library="BuiltIn" type="SETUP">
<arg>Inside Test Case Setup</arg>
<doc>Logs the given message with the given level.</doc>
<msg timestamp="20220407 12:30:51.505" level="INFO">Inside Test Case Setup</msg>
<status status="PASS" starttime="20220407 12:30:51.505" endtime="20220407 12:30:51.505"/>
</kw>
<kw name="Sleep" library="BuiltIn">
<arg>3s</arg>
<doc>Pauses the test executed for the given time.</doc>
<msg timestamp="20220407 12:30:54.507" level="INFO">Slept 3 seconds</msg>
<status status="PASS" starttime="20220407 12:30:51.505" endtime="20220407 12:30:54.507"/>
</kw>
<kw name="Click Button" library="SeleniumLibrary">
<arg>class:_2KpZ6l</arg>
<doc>Clicks the button identified by ``locator``.</doc>
<msg timestamp="20220407 12:30:54.507" level="INFO">Clicking button 'class:_2KpZ6l'.</msg>
<status status="PASS" starttime="20220407 12:30:54.507" endtime="20220407 12:30:54.625"/>
</kw>
<kw name="Search Flip Data">
<kw name="Input Text" library="SeleniumLibrary">
<arg>name:q</arg>
<arg>${product_search}</arg>
<doc>Types the given ``text`` into the text field identified by ``locator``.</doc>
<msg timestamp="20220407 12:30:54.626" level="INFO">Typing text 'Iphone' into text field 'name:q'.</msg>
<status status="PASS" starttime="20220407 12:30:54.625" endtime="20220407 12:30:54.784"/>
</kw>
<status status="PASS" starttime="20220407 12:30:54.625" endtime="20220407 12:30:54.784"/>
</kw>
<kw name="Sleep" library="BuiltIn">
<arg>3s</arg>
<doc>Pauses the test executed for the given time.</doc>
<msg timestamp="20220407 12:30:57.787" level="INFO">Slept 3 seconds</msg>
<status status="PASS" starttime="20220407 12:30:54.784" endtime="20220407 12:30:57.788"/>
</kw>
<kw name="Click Button" library="SeleniumLibrary">
<arg>class:L0Z3Pu</arg>
<doc>Clicks the button identified by ``locator``.</doc>
<msg timestamp="20220407 12:30:57.789" level="INFO">Clicking button 'class:L0Z3Pu'.</msg>
<status status="PASS" starttime="20220407 12:30:57.789" endtime="20220407 12:30:57.848"/>
</kw>
<kw name="Log" library="BuiltIn" type="TEARDOWN">
<arg>Inside Test Case Teardown</arg>
<doc>Logs the given message with the given level.</doc>
<msg timestamp="20220407 12:30:57.849" level="INFO">Inside Test Case Teardown</msg>
<status status="PASS" starttime="20220407 12:30:57.849" endtime="20220407 12:30:57.849"/>
</kw>
<doc>This test is to check Flipkart app</doc>
<tag>Shopping App</tag>
<status status="PASS" starttime="20220407 12:30:51.505" endtime="20220407 12:30:57.849"/>
</test>
<test id="s1-t3" name="Purchase Iteam Test" line="33">
<kw name="Log" library="BuiltIn" type="SETUP">
<arg>Inside Test Case Setup</arg>
<doc>Logs the given message with the given level.</doc>
<msg timestamp="20220407 12:30:57.851" level="INFO">Inside Test Case Setup</msg>
<status status="PASS" starttime="20220407 12:30:57.851" endtime="20220407 12:30:57.851"/>
</kw>
<kw name="Sleep" library="BuiltIn">
<arg>2s</arg>
<doc>Pauses the test executed for the given time.</doc>
<msg timestamp="20220407 12:30:59.859" level="INFO">Slept 2 seconds</msg>
<status status="PASS" starttime="20220407 12:30:57.851" endtime="20220407 12:30:59.859"/>
</kw>
<kw name="Click Element" library="SeleniumLibrary">
<arg>class:_4rR01T</arg>
<doc>Click the element identified by ``locator``.</doc>
<msg timestamp="20220407 12:30:59.860" level="INFO">Clicking element 'class:_4rR01T'.</msg>
<status status="PASS" starttime="20220407 12:30:59.859" endtime="20220407 12:30:59.929"/>
</kw>
<kw name="Sleep" library="BuiltIn">
<arg>1s</arg>
<doc>Pauses the test executed for the given time.</doc>
<msg timestamp="20220407 12:31:00.932" level="INFO">Slept 1 second</msg>
<status status="PASS" starttime="20220407 12:30:59.930" endtime="20220407 12:31:00.932"/>
</kw>
<kw name="Click Button" library="SeleniumLibrary">
<arg>class:_2KpZ6l</arg>
<doc>Clicks the button identified by ``locator``.</doc>
<msg timestamp="20220407 12:31:00.933" level="INFO">Clicking button 'class:_2KpZ6l'.</msg>
<msg timestamp="20220407 12:31:01.258" level="INFO" html="true">&lt;/td&gt;&lt;/tr&gt;&lt;tr&gt;&lt;td colspan="3"&gt;&lt;a href="selenium-screenshot-6.png"&gt;&lt;img src="selenium-screenshot-6.png" width="800px"&gt;&lt;/a&gt;</msg>
<msg timestamp="20220407 12:31:01.258" level="FAIL">Button with locator 'class:_2KpZ6l' not found.</msg>
<status status="FAIL" starttime="20220407 12:31:00.932" endtime="20220407 12:31:01.267"/>
</kw>
<kw name="Sleep" library="BuiltIn">
<arg>1s</arg>
<doc>Pauses the test executed for the given time.</doc>
<status status="NOT RUN" starttime="20220407 12:31:01.267" endtime="20220407 12:31:01.267"/>
</kw>
<kw name="Email Address">
<status status="NOT RUN" starttime="20220407 12:31:01.268" endtime="20220407 12:31:01.268"/>
</kw>
<kw name="Sleep" library="BuiltIn">
<arg>1s</arg>
<doc>Pauses the test executed for the given time.</doc>
<status status="NOT RUN" starttime="20220407 12:31:01.268" endtime="20220407 12:31:01.268"/>
</kw>
<kw name="Log" library="BuiltIn" type="TEARDOWN">
<arg>Inside Test Case Teardown</arg>
<doc>Logs the given message with the given level.</doc>
<msg timestamp="20220407 12:31:01.269" level="INFO">Inside Test Case Teardown</msg>
<status status="PASS" starttime="20220407 12:31:01.269" endtime="20220407 12:31:01.269"/>
</kw>
<status status="FAIL" starttime="20220407 12:30:57.850" endtime="20220407 12:31:01.269">Button with locator 'class:_2KpZ6l' not found.</status>
</test>
<kw name="Log" library="BuiltIn" type="TEARDOWN">
<arg>Inside Test Suite Teardown</arg>
<doc>Logs the given message with the given level.</doc>
<msg timestamp="20220407 12:31:01.271" level="INFO">Inside Test Suite Teardown</msg>
<status status="PASS" starttime="20220407 12:31:01.271" endtime="20220407 12:31:01.271"/>
</kw>
<status status="FAIL" starttime="20220407 12:30:45.936" endtime="20220407 12:31:01.271"/>
</suite>
<statistics>
<total>
<stat pass="2" fail="1" skip="0">All Tests</stat>
</total>
<tag>
<stat pass="1" fail="0" skip="0">google</stat>
<stat pass="1" fail="0" skip="0">Shopping App</stat>
</tag>
<suite>
<stat pass="2" fail="1" skip="0" id="s1" name="App">App</stat>
</suite>
</statistics>
<errors>
</errors>
</robot>
