<?xml version="1.0" encoding="UTF-8"?>
<robot generator="Robot 5.0 (Python 3.9.10 on win32)" generated="20220407 09:29:00.470" rpa="false" schemaversion="3">
<suite id="s1" name="Login1" source="C:\Users\Muheesh\PycharmProjects\Robot\Tests\Facebook\FunctionalTestSuite\Login1.robot">
<test id="s1-t1" name="Login Screen Test" line="6">
<kw name="Log" library="BuiltIn">
<arg>Hello</arg>
<doc>Logs the given message with the given level.</doc>
<msg timestamp="20220407 09:29:00.495" level="INFO">Hello</msg>
<status status="PASS" starttime="20220407 09:29:00.495" endtime="20220407 09:29:00.495"/>
</kw>
<doc>This is a login screen for users</doc>
<tag>users</tag>
<status status="PASS" starttime="20220407 09:29:00.494" endtime="20220407 09:29:00.495"/>
</test>
<test id="s1-t2" name="Registrarion Screen Test" line="11">
<kw name="Log" library="BuiltIn">
<arg>Success</arg>
<doc>Logs the given message with the given level.</doc>
<msg timestamp="20220407 09:29:00.497" level="INFO">Success</msg>
<status status="PASS" starttime="20220407 09:29:00.497" endtime="20220407 09:29:00.497"/>
</kw>
<doc>This is the registration screen for users</doc>
<tag>users</tag>
<status status="PASS" starttime="20220407 09:29:00.496" endtime="20220407 09:29:00.497"/>
</test>
<test id="s1-t3" name="Admin Login Test" line="16">
<kw name="Log" library="BuiltIn">
<arg>Admin</arg>
<doc>Logs the given message with the given level.</doc>
<msg timestamp="20220407 09:29:00.498" level="INFO">Admin</msg>
<status status="PASS" starttime="20220407 09:29:00.498" endtime="20220407 09:29:00.498"/>
</kw>
<doc>This page is for Admins</doc>
<tag>Admin</tag>
<status status="PASS" starttime="20220407 09:29:00.498" endtime="20220407 09:29:00.499"/>
</test>
<status status="PASS" starttime="20220407 09:29:00.471" endtime="20220407 09:29:00.499"/>
</suite>
<statistics>
<total>
<stat pass="3" fail="0" skip="0">All Tests</stat>
</total>
<tag>
<stat pass="1" fail="0" skip="0">Admin</stat>
<stat pass="2" fail="0" skip="0">users</stat>
</tag>
<suite>
<stat pass="3" fail="0" skip="0" id="s1" name="Login1">Login1</stat>
</suite>
</statistics>
<errors>
</errors>
</robot>
